[INFO] Scanning for projects...
[INFO] 
[INFO] ----------------------< fhir-bridge:fhir-bridge >-----------------------
[INFO] Building fhir-bridge 1.0.0-SNAPSHOT
[INFO] --------------------------------[ jar ]---------------------------------
[INFO] 
[INFO] --- maven-dependency-plugin:2.8:tree (default-cli) @ fhir-bridge ---
[INFO] fhir-bridge:fhir-bridge:jar:1.0.0-SNAPSHOT
[INFO] +- org.springframework.boot:spring-boot-starter-web:jar:2.2.6.RELEASE:compile
[INFO] |  +- org.springframework.boot:spring-boot-starter:jar:2.2.6.RELEASE:compile
[INFO] |  |  +- org.springframework.boot:spring-boot:jar:2.2.6.RELEASE:compile
[INFO] |  |  +- org.springframework.boot:spring-boot-autoconfigure:jar:2.2.6.RELEASE:compile
[INFO] |  |  +- org.springframework.boot:spring-boot-starter-logging:jar:2.2.6.RELEASE:compile
[INFO] |  |  |  +- ch.qos.logback:logback-classic:jar:1.2.3:compile
[INFO] |  |  |  |  \- ch.qos.logback:logback-core:jar:1.2.3:compile
[INFO] |  |  |  +- org.apache.logging.log4j:log4j-to-slf4j:jar:2.12.1:compile
[INFO] |  |  |  |  \- org.apache.logging.log4j:log4j-api:jar:2.12.1:compile
[INFO] |  |  |  \- org.slf4j:jul-to-slf4j:jar:1.7.30:compile
[INFO] |  |  \- org.yaml:snakeyaml:jar:1.25:runtime
[INFO] |  +- org.springframework.boot:spring-boot-starter-json:jar:2.2.6.RELEASE:compile
[INFO] |  |  +- com.fasterxml.jackson.datatype:jackson-datatype-jdk8:jar:2.10.3:compile
[INFO] |  |  +- com.fasterxml.jackson.datatype:jackson-datatype-jsr310:jar:2.10.3:compile
[INFO] |  |  \- com.fasterxml.jackson.module:jackson-module-parameter-names:jar:2.10.3:compile
[INFO] |  +- org.springframework.boot:spring-boot-starter-validation:jar:2.2.6.RELEASE:compile
[INFO] |  |  +- jakarta.validation:jakarta.validation-api:jar:2.0.2:compile
[INFO] |  |  \- org.hibernate.validator:hibernate-validator:jar:6.0.18.Final:compile
[INFO] |  |     +- org.jboss.logging:jboss-logging:jar:3.3.2.Final:compile
[INFO] |  |     \- com.fasterxml:classmate:jar:1.3.4:compile
[INFO] |  +- org.springframework:spring-web:jar:5.2.5.RELEASE:compile
[INFO] |  |  \- org.springframework:spring-beans:jar:5.2.5.RELEASE:compile
[INFO] |  \- org.springframework:spring-webmvc:jar:5.2.5.RELEASE:compile
[INFO] |     +- org.springframework:spring-aop:jar:5.2.5.RELEASE:compile
[INFO] |     +- org.springframework:spring-context:jar:5.2.5.RELEASE:compile
[INFO] |     \- org.springframework:spring-expression:jar:5.2.5.RELEASE:compile
[INFO] +- org.springframework.boot:spring-boot-starter-cache:jar:2.2.6.RELEASE:compile
[INFO] |  \- org.springframework:spring-context-support:jar:5.2.5.RELEASE:compile
[INFO] +- org.springframework.boot:spring-boot-starter-tomcat:jar:2.2.6.RELEASE:provided
[INFO] |  +- jakarta.annotation:jakarta.annotation-api:jar:1.3.5:compile
[INFO] |  +- org.apache.tomcat.embed:tomcat-embed-core:jar:9.0.33:provided
[INFO] |  +- org.apache.tomcat.embed:tomcat-embed-el:jar:9.0.33:provided
[INFO] |  \- org.apache.tomcat.embed:tomcat-embed-websocket:jar:9.0.33:provided
[INFO] +- org.springframework.boot:spring-boot-configuration-processor:jar:2.2.6.RELEASE:compile
[INFO] +- ca.uhn.hapi.fhir:hapi-fhir-base:jar:5.0.0-SNAPSHOT:compile
[INFO] |  +- com.fasterxml.jackson.core:jackson-databind:jar:2.10.3:compile
[INFO] |  |  +- com.fasterxml.jackson.core:jackson-annotations:jar:2.10.3:compile
[INFO] |  |  \- com.fasterxml.jackson.core:jackson-core:jar:2.10.3:compile
[INFO] |  +- org.apache.commons:commons-lang3:jar:3.10:compile
[INFO] |  +- org.apache.commons:commons-text:jar:1.8:compile
[INFO] |  +- commons-codec:commons-codec:jar:1.14:compile
[INFO] |  +- commons-io:commons-io:jar:2.6:compile
[INFO] |  +- com.google.guava:guava:jar:28.1-jre:compile
[INFO] |  |  +- com.google.guava:failureaccess:jar:1.0.1:compile
[INFO] |  |  +- com.google.guava:listenablefuture:jar:9999.0-empty-to-avoid-conflict-with-guava:compile
[INFO] |  |  +- org.checkerframework:checker-qual:jar:2.8.1:compile
[INFO] |  |  +- com.google.errorprone:error_prone_annotations:jar:2.3.4:compile
[INFO] |  |  +- com.google.j2objc:j2objc-annotations:jar:1.3:compile
[INFO] |  |  \- org.codehaus.mojo:animal-sniffer-annotations:jar:1.18:compile
[INFO] |  +- org.slf4j:slf4j-api:jar:1.7.30:compile
[INFO] |  \- org.slf4j:jcl-over-slf4j:jar:1.7.28:compile
[INFO] +- ca.uhn.hapi.fhir:hapi-fhir-server:jar:5.0.0-SNAPSHOT:compile
[INFO] |  +- ca.uhn.hapi.fhir:org.hl7.fhir.utilities:jar:4.2.10-SNAPSHOT:compile
[INFO] |  +- org.apache.httpcomponents:httpcore:jar:4.4.11:compile
[INFO] |  \- org.apache.commons:commons-collections4:jar:4.4:compile
[INFO] +- ca.uhn.hapi.fhir:hapi-fhir-structures-r4:jar:5.0.0-SNAPSHOT:compile
[INFO] |  +- ca.uhn.hapi.fhir:org.hl7.fhir.r4:jar:4.2.10-SNAPSHOT:compile
[INFO] |  +- org.fhir:ucum:jar:1.0.2:compile
[INFO] |  |  +- xpp3:xpp3:jar:1.1.4c:compile
[INFO] |  |  +- xpp3:xpp3_xpath:jar:1.1.4c:compile
[INFO] |  |  \- junit:junit:jar:4.12:compile
[INFO] |  \- com.google.code.findbugs:jsr305:jar:3.0.2:compile
[INFO] +- ca.uhn.hapi.fhir:hapi-fhir-structures-r5:jar:5.0.0-SNAPSHOT:compile
[INFO] |  \- ca.uhn.hapi.fhir:org.hl7.fhir.r5:jar:4.2.10-SNAPSHOT:compile
[INFO] +- ca.uhn.hapi.fhir:hapi-fhir-validation:jar:5.0.0-SNAPSHOT:compile
[INFO] |  +- ca.uhn.hapi.fhir:hapi-fhir-converter:jar:5.0.0-SNAPSHOT:compile
[INFO] |  |  +- ca.uhn.hapi.fhir:org.hl7.fhir.convertors:jar:4.2.10-SNAPSHOT:compile
[INFO] |  |  \- net.sf.saxon:Saxon-HE:jar:9.5.1-5:compile
[INFO] |  +- ca.uhn.hapi.fhir:org.hl7.fhir.validation:jar:4.2.10-SNAPSHOT:compile
[INFO] |  |  +- ca.uhn.hapi.fhir:org.hl7.fhir.dstu2:jar:4.2.10-SNAPSHOT:compile
[INFO] |  |  +- ca.uhn.hapi.fhir:org.hl7.fhir.dstu2016may:jar:4.2.10-SNAPSHOT:compile
[INFO] |  |  +- ca.uhn.hapi.fhir:org.hl7.fhir.dstu3:jar:4.2.10-SNAPSHOT:compile
[INFO] |  |  \- org.apache.commons:commons-compress:jar:1.19:compile
[INFO] |  +- com.github.ben-manes.caffeine:caffeine:jar:2.8.1:compile
[INFO] |  +- com.google.code.gson:gson:jar:2.8.5:compile
[INFO] |  \- org.apache.httpcomponents:httpclient:jar:4.5.9:compile
[INFO] |     \- commons-logging:commons-logging:jar:1.2:compile
[INFO] +- ca.uhn.hapi.fhir:hapi-fhir-validation-resources-r4:jar:5.0.0-SNAPSHOT:compile
[INFO] +- ca.uhn.hapi.fhir:hapi-fhir-client:jar:5.0.0-SNAPSHOT:compile
[INFO] +- org.thymeleaf:thymeleaf:jar:3.0.11.RELEASE:compile
[INFO] |  +- ognl:ognl:jar:3.1.12:compile
[INFO] |  |  \- org.javassist:javassist:jar:3.20.0-GA:compile
[INFO] |  +- org.attoparser:attoparser:jar:2.0.5.RELEASE:compile
[INFO] |  \- org.unbescape:unbescape:jar:1.1.6.RELEASE:compile
[INFO] +- org.ehrbase:client-library:jar:0.3.0:compile
[INFO] |  +- org.jooq:joor:jar:0.9.12:compile
[INFO] |  +- javax.cache:cache-api:jar:1.1.1:compile
[INFO] |  +- org.ehrbase.openehr:opt-1.4:jar:0.11.0:compile
[INFO] |  |  +- org.apache.xmlbeans:xmlbeans:jar:2.6.0:compile
[INFO] |  |  |  \- stax:stax-api:jar:1.0.1:compile
[INFO] |  |  \- javax.annotation:javax.annotation-api:jar:1.3.2:compile
[INFO] |  +- commons-cli:commons-cli:jar:1.4:compile
[INFO] |  +- org.ehrbase.openehr:serialisation:jar:0.11.0:compile
[INFO] |  |  +- com.github.everit-org.json-schema:org.everit.json.schema:jar:1.12.1:compile
[INFO] |  |  |  +- commons-validator:commons-validator:jar:1.6:compile
[INFO] |  |  |  |  +- commons-digester:commons-digester:jar:1.8.1:compile
[INFO] |  |  |  |  \- commons-collections:commons-collections:jar:3.2.2:compile
[INFO] |  |  |  +- com.damnhandy:handy-uri-templates:jar:2.1.8:compile
[INFO] |  |  |  |  \- joda-time:joda-time:jar:2.10.2:compile
[INFO] |  |  |  \- com.google.re2j:re2j:jar:1.3:compile
[INFO] |  |  +- javax.xml.bind:jaxb-api:jar:2.3.1:compile
[INFO] |  |  |  \- javax.activation:javax.activation-api:jar:1.2.0:compile
[INFO] |  |  +- org.json:json:jar:20140107:compile
[INFO] |  |  \- com.github.ehrbase:archie-fork:jar:27d982b:compile
[INFO] |  |     +- com.github.ehrbase.archie-fork:aom:jar:27d982b:compile
[INFO] |  |     |  +- com.esotericsoftware:kryo-shaded:jar:4.0.2:compile
[INFO] |  |     |  |  \- com.esotericsoftware:minlog:jar:1.3.0:compile
[INFO] |  |     |  +- com.github.zafarkhaja:java-semver:jar:0.9.0:compile
[INFO] |  |     |  +- com.sun.xml.bind:jaxb-core:jar:2.3.0:compile
[INFO] |  |     |  +- javax.activation:activation:jar:1.1.1:compile
[INFO] |  |     |  +- org.reflections:reflections:jar:0.9.12:compile
[INFO] |  |     |  \- com.sun.xml.bind:jaxb-impl:jar:2.3.0:runtime
[INFO] |  |     +- com.github.ehrbase.archie-fork:archie-all:jar:27d982b:compile
[INFO] |  |     +- com.github.ehrbase.archie-fork:archie-utils:jar:27d982b:compile
[INFO] |  |     +- com.github.ehrbase.archie-fork:base:jar:27d982b:compile
[INFO] |  |     +- com.github.ehrbase.archie-fork:bmm:jar:27d982b:compile
[INFO] |  |     +- com.github.ehrbase.archie-fork:grammars:jar:27d982b:compile
[INFO] |  |     |  \- org.antlr:antlr4-runtime:jar:4.7.1:compile
[INFO] |  |     +- com.github.ehrbase.archie-fork:i18n:jar:27d982b:compile
[INFO] |  |     +- com.github.ehrbase.archie-fork:modeldoc:jar:27d982b:compile
[INFO] |  |     |  \- org.freemarker:freemarker:jar:2.3.25-incubating:compile
[INFO] |  |     +- com.github.ehrbase.archie-fork:odin:jar:27d982b:compile
[INFO] |  |     +- com.github.ehrbase.archie-fork:openehr-rm:jar:27d982b:compile
[INFO] |  |     +- com.github.ehrbase.archie-fork:path-queries:jar:27d982b:compile
[INFO] |  |     +- com.github.ehrbase.archie-fork:referencemodels:jar:27d982b:compile
[INFO] |  |     +- com.github.ehrbase.archie-fork:test-rm:jar:27d982b:compile
[INFO] |  |     +- com.github.ehrbase.archie-fork:tools:jar:27d982b:compile
[INFO] |  |     |  +- org.glassfish:jakarta.json:jar:module:1.1.5:compile
[INFO] |  |     |  \- org.leadpony.justify:justify:jar:1.1.0:compile
[INFO] |  |     |     +- jakarta.json:jakarta.json-api:jar:1.1.5:compile
[INFO] |  |     |     \- com.ibm.icu:icu4j:jar:64.2:compile
[INFO] |  |     \- com.github.ehrbase.archie-fork:utils:jar:27d982b:compile
[INFO] |  +- org.ehrbase.openehr:terminology:jar:0.11.0:compile
[INFO] |  +- org.ehrbase.openehr:api:jar:0.11.0:compile
[INFO] |  |  \- com.fasterxml.jackson.dataformat:jackson-dataformat-xml:jar:2.10.2:compile
[INFO] |  |     +- com.fasterxml.jackson.module:jackson-module-jaxb-annotations:jar:2.10.2:compile
[INFO] |  |     +- org.codehaus.woodstox:stax2-api:jar:4.2:compile
[INFO] |  |     \- com.fasterxml.woodstox:woodstox-core:jar:6.1.1:compile
[INFO] |  +- org.ehrbase.openehr:rest-openehr:jar:0.11.0:compile
[INFO] |  +- org.apache.httpcomponents:fluent-hc:jar:4.5.10:compile
[INFO] |  \- com.squareup:javapoet:jar:1.11.1:compile
[INFO] \- org.springframework.boot:spring-boot-starter-test:jar:2.2.6.RELEASE:test
[INFO]    +- org.springframework.boot:spring-boot-test:jar:2.2.6.RELEASE:test
[INFO]    +- org.springframework.boot:spring-boot-test-autoconfigure:jar:2.2.6.RELEASE:test
[INFO]    +- com.jayway.jsonpath:json-path:jar:2.4.0:test
[INFO]    |  \- net.minidev:json-smart:jar:2.3:test
[INFO]    |     \- net.minidev:accessors-smart:jar:1.2:test
[INFO]    |        \- org.ow2.asm:asm:jar:5.0.4:test
[INFO]    +- jakarta.xml.bind:jakarta.xml.bind-api:jar:2.3.3:compile
[INFO]    |  \- jakarta.activation:jakarta.activation-api:jar:1.2.2:compile
[INFO]    +- org.junit.jupiter:junit-jupiter:jar:5.5.2:test
[INFO]    |  +- org.junit.jupiter:junit-jupiter-api:jar:5.5.2:test
[INFO]    |  |  +- org.opentest4j:opentest4j:jar:1.2.0:test
[INFO]    |  |  \- org.junit.platform:junit-platform-commons:jar:1.5.2:test
[INFO]    |  +- org.junit.jupiter:junit-jupiter-params:jar:5.5.2:test
[INFO]    |  \- org.junit.jupiter:junit-jupiter-engine:jar:5.5.2:test
[INFO]    +- org.junit.vintage:junit-vintage-engine:jar:5.5.2:test
[INFO]    |  +- org.apiguardian:apiguardian-api:jar:1.1.0:test
[INFO]    |  \- org.junit.platform:junit-platform-engine:jar:1.5.2:test
[INFO]    +- org.mockito:mockito-junit-jupiter:jar:3.1.0:test
[INFO]    +- org.assertj:assertj-core:jar:3.13.2:test
[INFO]    +- org.hamcrest:hamcrest:jar:2.1:test
[INFO]    +- org.mockito:mockito-core:jar:3.1.0:test
[INFO]    |  +- net.bytebuddy:byte-buddy:jar:1.9.10:test
[INFO]    |  +- net.bytebuddy:byte-buddy-agent:jar:1.9.10:test
[INFO]    |  \- org.objenesis:objenesis:jar:2.6:compile
[INFO]    +- org.skyscreamer:jsonassert:jar:1.5.0:test
[INFO]    +- org.springframework:spring-core:jar:5.2.5.RELEASE:compile
[INFO]    |  \- org.springframework:spring-jcl:jar:5.2.5.RELEASE:compile
[INFO]    +- org.springframework:spring-test:jar:5.2.5.RELEASE:test
[INFO]    \- org.xmlunit:xmlunit-core:jar:2.6.4:test
[INFO] ------------------------------------------------------------------------
[INFO] BUILD SUCCESS
[INFO] ------------------------------------------------------------------------
[INFO] Total time:  7.385 s
[INFO] Finished at: 2020-05-08T17:10:00-03:00
[INFO] ------------------------------------------------------------------------
